mycustomlib/build/intermediates/manifest_merge_blame_file/release/processReleaseManifest/manifest-merger-blame-release-report.txt
1<?xml version="1.0" encoding="utf-8"?>
2<manifest xmlns:android="http://schemas.android.com/apk/res/android"
3    xmlns:tools="http://schemas.android.com/tools"
4    package="com.example.mycustomlib" >
5
6    <uses-sdk android:minSdkVersion="24" />
7
8    <uses-permission android:name="android.permission.INTERNET" />
8-->src/main/AndroidManifest.xml:6:5-67
8-->src/main/AndroidManifest.xml:6:22-64
9    <uses-permission android:name="android.permission.POST_NOTIFICATIONS" />
9-->src/main/AndroidManifest.xml:7:5-77
9-->src/main/AndroidManifest.xml:7:22-74
10    <uses-permission android:name="android.permission.VIBRATE" />
10-->src/main/AndroidManifest.xml:8:5-66
10-->src/main/AndroidManifest.xml:8:22-63
11    <uses-permission android:name="android.permission.ACCESS_NETWORK_STATE" />
11-->src/main/AndroidManifest.xml:9:5-79
11-->src/main/AndroidManifest.xml:9:22-76
12    <uses-permission android:name="android.permission.FOREGROUND_SERVICE" />
12-->src/main/AndroidManifest.xml:10:5-77
12-->src/main/AndroidManifest.xml:10:22-74
13    <uses-permission android:name="android.permission.RECEIVE_BOOT_COMPLETED" />
13-->src/main/AndroidManifest.xml:11:5-81
13-->src/main/AndroidManifest.xml:11:22-78
14    <uses-permission android:name="android.permission.WAKE_LOCK" />
14-->src/main/AndroidManifest.xml:12:5-68
14-->src/main/AndroidManifest.xml:12:22-65
15    <uses-permission android:name="android.permission.REQUEST_IGNORE_BATTERY_OPTIMIZATIONS" />
15-->src/main/AndroidManifest.xml:13:5-95
15-->src/main/AndroidManifest.xml:13:22-92
16    <uses-permission android:name="android.permission.FOREGROUND_SERVICE_CONNECTED_DEVICE" />
16-->src/main/AndroidManifest.xml:14:5-94
16-->src/main/AndroidManifest.xml:14:22-91
17    <uses-permission android:name="android.permission.CHANGE_NETWORK_STATE" />
17-->src/main/AndroidManifest.xml:15:5-79
17-->src/main/AndroidManifest.xml:15:22-76
18    <uses-permission android:name="android.permission.FOREGROUND_SERVICE_DATA_SYNC" />
18-->src/main/AndroidManifest.xml:16:5-87
18-->src/main/AndroidManifest.xml:16:22-84
19    <uses-permission android:name="android.permission.FOREGROUND_SERVICE_REMOTE_MESSAGING" />
19-->src/main/AndroidManifest.xml:17:5-94
19-->src/main/AndroidManifest.xml:17:22-91
20    <uses-permission android:name="android.permission.SCHEDULE_EXACT_ALARM" />
20-->src/main/AndroidManifest.xml:18:5-79
20-->src/main/AndroidManifest.xml:18:22-76
21    <uses-permission
21-->src/main/AndroidManifest.xml:19:5-83
22        android:name="${exactAlarmPermission}"
22-->src/main/AndroidManifest.xml:19:22-60
23        tools:node="remove" />
23-->src/main/AndroidManifest.xml:19:61-80
24
25    <application
25-->src/main/AndroidManifest.xml:21:5-55:19
26        android:usesCleartextTraffic="true"
26-->src/main/AndroidManifest.xml:22:9-44
27        tools:targetApi="31" >
27-->src/main/AndroidManifest.xml:23:9-29
28        <activity
28-->src/main/AndroidManifest.xml:26:9-30:40
29            android:name="com.example.mycustomlib.activities.PermissionRequestActivity"
29-->src/main/AndroidManifest.xml:27:13-65
30            android:excludeFromRecents="true"
30-->src/main/AndroidManifest.xml:29:13-46
31            android:noHistory="true"
31-->src/main/AndroidManifest.xml:30:13-37
32            android:theme="@style/Theme.Transparent" />
32-->src/main/AndroidManifest.xml:28:13-53
33
34        <receiver android:name="com.example.mycustomlib.receiver.NotificationDismissReceiver" />
34-->src/main/AndroidManifest.xml:32:9-74
34-->src/main/AndroidManifest.xml:32:19-71
35
36        <service
36-->src/main/AndroidManifest.xml:34:9-37:40
37            android:name="com.example.mycustomlib.socket.SocketService"
37-->src/main/AndroidManifest.xml:35:13-49
38            android:enabled="true"
38-->src/main/AndroidManifest.xml:36:13-35
39            android:exported="false" />
39-->src/main/AndroidManifest.xml:37:13-37
40        <service
40-->src/main/AndroidManifest.xml:38:9-43:44
41            android:name="com.example.mycustomlib.services.PersistentMessagingService"
41-->src/main/AndroidManifest.xml:39:13-64
42            android:enabled="true"
42-->src/main/AndroidManifest.xml:40:13-35
43            android:exported="false"
43-->src/main/AndroidManifest.xml:41:13-37
44            android:foregroundServiceType="remoteMessaging|dataSync|connectedDevice"
44-->src/main/AndroidManifest.xml:42:13-85
45            android:stopWithTask="false" />
45-->src/main/AndroidManifest.xml:43:13-41
46
47        <receiver
47-->src/main/AndroidManifest.xml:45:9-54:20
48            android:name="com.example.mycustomlib.receiver.BootReceiver"
48-->src/main/AndroidManifest.xml:46:13-50
49            android:enabled="true"
49-->src/main/AndroidManifest.xml:47:13-35
50            android:exported="true" >
50-->src/main/AndroidManifest.xml:48:13-36
51            <intent-filter>
51-->src/main/AndroidManifest.xml:49:13-53:29
52                <action android:name="android.intent.action.BOOT_COMPLETED" />
52-->src/main/AndroidManifest.xml:50:17-79
52-->src/main/AndroidManifest.xml:50:25-76
53                <action android:name="android.intent.action.QUICKBOOT_POWERON" />
53-->src/main/AndroidManifest.xml:51:17-82
53-->src/main/AndroidManifest.xml:51:25-79
54                <action android:name="android.intent.action.LOCKED_BOOT_COMPLETED" />
54-->src/main/AndroidManifest.xml:52:17-86
54-->src/main/AndroidManifest.xml:52:25-83
55            </intent-filter>
56        </receiver>
57    </application>
58
59</manifest>